Started GET "/articles/1" for 127.0.0.1 at 2017-02-08 22:11:32 +0700
  
PG::ConnectionBad (fe_sendauth: no password supplied
):
  
activerecord (5.0.1) lib/active_record/connection_adapters/postgresql_adapter.rb:671:in `initialize'
activerecord (5.0.1) lib/active_record/connection_adapters/postgresql_adapter.rb:671:in `new'
activerecord (5.0.1) lib/active_record/connection_adapters/postgresql_adapter.rb:671:in `connect'
activerecord (5.0.1) lib/active_record/connection_adapters/postgresql_adapter.rb:217:in `initialize'
activerecord (5.0.1) lib/active_record/connection_adapters/postgresql_adapter.rb:37:in `new'
activerecord (5.0.1) lib/active_record/connection_adapters/postgresql_adapter.rb:37:in `postgresql_connection'
activerecord (5.0.1) lib/active_record/connection_adapters/abstract/connection_pool.rb:729:in `new_connection'
activerecord (5.0.1) lib/active_record/connection_adapters/abstract/connection_pool.rb:773:in `checkout_new_connection'
activerecord (5.0.1) lib/active_record/connection_adapters/abstract/connection_pool.rb:752:in `try_to_checkout_new_connection'
activerecord (5.0.1) lib/active_record/connection_adapters/abstract/connection_pool.rb:713:in `acquire_connection'
activerecord (5.0.1) lib/active_record/connection_adapters/abstract/connection_pool.rb:490:in `checkout'
activerecord (5.0.1) lib/active_record/connection_adapters/abstract/connection_pool.rb:364:in `connection'
activerecord (5.0.1) lib/active_record/connection_adapters/abstract/connection_pool.rb:883:in `retrieve_connection'
activerecord (5.0.1) lib/active_record/connection_handling.rb:128:in `retrieve_connection'
activerecord (5.0.1) lib/active_record/connection_handling.rb:91:in `connection'
activerecord (5.0.1) lib/active_record/migration.rb:559:in `connection'
activerecord (5.0.1) lib/active_record/migration.rb:546:in `call'
actionpack (5.0.1) lib/action_dispatch/middleware/callbacks.rb:38:in `block in call'
activesupport (5.0.1) lib/active_support/callbacks.rb:97:in `__run_callbacks__'
activesupport (5.0.1) lib/active_support/callbacks.rb:750:in `_run_call_callbacks'
activesupport (5.0.1) lib/active_support/callbacks.rb:90:in `run_callbacks'
actionpack (5.0.1) lib/action_dispatch/middleware/callbacks.rb:36:in `call'
actionpack (5.0.1) lib/action_dispatch/middleware/executor.rb:12:in `call'
actionpack (5.0.1) lib/action_dispatch/middleware/remote_ip.rb:79:in `call'
actionpack (5.0.1) lib/action_dispatch/middleware/debug_exceptions.rb:49:in `call'
web-console (3.4.0) lib/web_console/middleware.rb:135:in `call_app'
web-console (3.4.0) lib/web_console/middleware.rb:28:in `block in call'
web-console (3.4.0) lib/web_console/middleware.rb:18:in `catch'
web-console (3.4.0) lib/web_console/middleware.rb:18:in `call'
actionpack (5.0.1) lib/action_dispatch/middleware/show_exceptions.rb:31:in `call'
railties (5.0.1) lib/rails/rack/logger.rb:36:in `call_app'
railties (5.0.1) lib/rails/rack/logger.rb:24:in `block in call'
activesupport (5.0.1) lib/active_support/tagged_logging.rb:69:in `block in tagged'
activesupport (5.0.1) lib/active_support/tagged_logging.rb:26:in `tagged'
activesupport (5.0.1) lib/active_support/tagged_logging.rb:69:in `tagged'
railties (5.0.1) lib/rails/rack/logger.rb:24:in `call'
sprockets-rails (3.2.0) lib/sprockets/rails/quiet_assets.rb:13:in `call'
actionpack (5.0.1) lib/action_dispatch/middleware/request_id.rb:24:in `call'
rack (2.0.1) lib/rack/method_override.rb:22:in `call'
rack (2.0.1) lib/rack/runtime.rb:22:in `call'
activesupport (5.0.1) lib/active_support/cache/strategy/local_cache_middleware.rb:28:in `call'
actionpack (5.0.1) lib/action_dispatch/middleware/executor.rb:12:in `call'
actionpack (5.0.1) lib/action_dispatch/middleware/static.rb:136:in `call'
rack (2.0.1) lib/rack/sendfile.rb:111:in `call'
railties (5.0.1) lib/rails/engine.rb:522:in `call'
puma (3.7.0) lib/puma/configuration.rb:226:in `call'
puma (3.7.0) lib/puma/server.rb:578:in `handle_request'
puma (3.7.0) lib/puma/server.rb:415:in `process_client'
puma (3.7.0) lib/puma/server.rb:275:in `block in run'
puma (3.7.0) lib/puma/thread_pool.rb:120:in `block in spawn_thread'
  Rendering /usr/local/lib/ruby/gems/2.3.0/gems/actionpack-5.0.1/lib/action_dispatch/middleware/templates/rescues/diagnostics.html.erb within rescues/layout
  Rendering /usr/local/lib/ruby/gems/2.3.0/gems/actionpack-5.0.1/lib/action_dispatch/middleware/templates/rescues/_source.html.erb
  Rendered /usr/local/lib/ruby/gems/2.3.0/gems/actionpack-5.0.1/lib/action_dispatch/middleware/templates/rescues/_source.html.erb (3.5ms)
  Rendering /usr/local/lib/ruby/gems/2.3.0/gems/actionpack-5.0.1/lib/action_dispatch/middleware/templates/rescues/_trace.html.erb
  Rendered /usr/local/lib/ruby/gems/2.3.0/gems/actionpack-5.0.1/lib/action_dispatch/middleware/templates/rescues/_trace.html.erb (2.9ms)
  Rendering /usr/local/lib/ruby/gems/2.3.0/gems/actionpack-5.0.1/lib/action_dispatch/middleware/templates/rescues/_request_and_response.html.erb
  Rendered /usr/local/lib/ruby/gems/2.3.0/gems/actionpack-5.0.1/lib/action_dispatch/middleware/templates/rescues/_request_and_response.html.erb (1.0ms)
  Rendered /usr/local/lib/ruby/gems/2.3.0/gems/actionpack-5.0.1/lib/action_dispatch/middleware/templates/rescues/diagnostics.html.erb within rescues/layout (65.0ms)
Started GET "/articles" for 127.0.0.1 at 2017-02-08 22:11:35 +0700
  
PG::ConnectionBad (fe_sendauth: no password supplied
):
  
activerecord (5.0.1) lib/active_record/connection_adapters/postgresql_adapter.rb:671:in `initialize'
activerecord (5.0.1) lib/active_record/connection_adapters/postgresql_adapter.rb:671:in `new'
activerecord (5.0.1) lib/active_record/connection_adapters/postgresql_adapter.rb:671:in `connect'
activerecord (5.0.1) lib/active_record/connection_adapters/postgresql_adapter.rb:217:in `initialize'
activerecord (5.0.1) lib/active_record/connection_adapters/postgresql_adapter.rb:37:in `new'
activerecord (5.0.1) lib/active_record/connection_adapters/postgresql_adapter.rb:37:in `postgresql_connection'
activerecord (5.0.1) lib/active_record/connection_adapters/abstract/connection_pool.rb:729:in `new_connection'
activerecord (5.0.1) lib/active_record/connection_adapters/abstract/connection_pool.rb:773:in `checkout_new_connection'
activerecord (5.0.1) lib/active_record/connection_adapters/abstract/connection_pool.rb:752:in `try_to_checkout_new_connection'
activerecord (5.0.1) lib/active_record/connection_adapters/abstract/connection_pool.rb:713:in `acquire_connection'
activerecord (5.0.1) lib/active_record/connection_adapters/abstract/connection_pool.rb:490:in `checkout'
activerecord (5.0.1) lib/active_record/connection_adapters/abstract/connection_pool.rb:364:in `connection'
activerecord (5.0.1) lib/active_record/connection_adapters/abstract/connection_pool.rb:883:in `retrieve_connection'
activerecord (5.0.1) lib/active_record/connection_handling.rb:128:in `retrieve_connection'
activerecord (5.0.1) lib/active_record/connection_handling.rb:91:in `connection'
activerecord (5.0.1) lib/active_record/migration.rb:559:in `connection'
activerecord (5.0.1) lib/active_record/migration.rb:546:in `call'
actionpack (5.0.1) lib/action_dispatch/middleware/callbacks.rb:38:in `block in call'
activesupport (5.0.1) lib/active_support/callbacks.rb:97:in `__run_callbacks__'
activesupport (5.0.1) lib/active_support/callbacks.rb:750:in `_run_call_callbacks'
activesupport (5.0.1) lib/active_support/callbacks.rb:90:in `run_callbacks'
actionpack (5.0.1) lib/action_dispatch/middleware/callbacks.rb:36:in `call'
actionpack (5.0.1) lib/action_dispatch/middleware/executor.rb:12:in `call'
actionpack (5.0.1) lib/action_dispatch/middleware/remote_ip.rb:79:in `call'
actionpack (5.0.1) lib/action_dispatch/middleware/debug_exceptions.rb:49:in `call'
web-console (3.4.0) lib/web_console/middleware.rb:135:in `call_app'
web-console (3.4.0) lib/web_console/middleware.rb:28:in `block in call'
web-console (3.4.0) lib/web_console/middleware.rb:18:in `catch'
web-console (3.4.0) lib/web_console/middleware.rb:18:in `call'
actionpack (5.0.1) lib/action_dispatch/middleware/show_exceptions.rb:31:in `call'
railties (5.0.1) lib/rails/rack/logger.rb:36:in `call_app'
railties (5.0.1) lib/rails/rack/logger.rb:24:in `block in call'
activesupport (5.0.1) lib/active_support/tagged_logging.rb:69:in `block in tagged'
activesupport (5.0.1) lib/active_support/tagged_logging.rb:26:in `tagged'
activesupport (5.0.1) lib/active_support/tagged_logging.rb:69:in `tagged'
railties (5.0.1) lib/rails/rack/logger.rb:24:in `call'
sprockets-rails (3.2.0) lib/sprockets/rails/quiet_assets.rb:13:in `call'
actionpack (5.0.1) lib/action_dispatch/middleware/request_id.rb:24:in `call'
rack (2.0.1) lib/rack/method_override.rb:22:in `call'
rack (2.0.1) lib/rack/runtime.rb:22:in `call'
activesupport (5.0.1) lib/active_support/cache/strategy/local_cache_middleware.rb:28:in `call'
actionpack (5.0.1) lib/action_dispatch/middleware/executor.rb:12:in `call'
actionpack (5.0.1) lib/action_dispatch/middleware/static.rb:136:in `call'
rack (2.0.1) lib/rack/sendfile.rb:111:in `call'
railties (5.0.1) lib/rails/engine.rb:522:in `call'
puma (3.7.0) lib/puma/configuration.rb:226:in `call'
puma (3.7.0) lib/puma/server.rb:578:in `handle_request'
puma (3.7.0) lib/puma/server.rb:415:in `process_client'
puma (3.7.0) lib/puma/server.rb:275:in `block in run'
puma (3.7.0) lib/puma/thread_pool.rb:120:in `block in spawn_thread'
  Rendering /usr/local/lib/ruby/gems/2.3.0/gems/actionpack-5.0.1/lib/action_dispatch/middleware/templates/rescues/diagnostics.html.erb within rescues/layout
  Rendering /usr/local/lib/ruby/gems/2.3.0/gems/actionpack-5.0.1/lib/action_dispatch/middleware/templates/rescues/_source.html.erb
  Rendered /usr/local/lib/ruby/gems/2.3.0/gems/actionpack-5.0.1/lib/action_dispatch/middleware/templates/rescues/_source.html.erb (2.0ms)
  Rendering /usr/local/lib/ruby/gems/2.3.0/gems/actionpack-5.0.1/lib/action_dispatch/middleware/templates/rescues/_trace.html.erb
  Rendered /usr/local/lib/ruby/gems/2.3.0/gems/actionpack-5.0.1/lib/action_dispatch/middleware/templates/rescues/_trace.html.erb (1.3ms)
  Rendering /usr/local/lib/ruby/gems/2.3.0/gems/actionpack-5.0.1/lib/action_dispatch/middleware/templates/rescues/_request_and_response.html.erb
  Rendered /usr/local/lib/ruby/gems/2.3.0/gems/actionpack-5.0.1/lib/action_dispatch/middleware/templates/rescues/_request_and_response.html.erb (0.7ms)
  Rendered /usr/local/lib/ruby/gems/2.3.0/gems/actionpack-5.0.1/lib/action_dispatch/middleware/templates/rescues/diagnostics.html.erb within rescues/layout (48.0ms)
Started GET "/articles" for 127.0.0.1 at 2017-02-08 22:15:31 +0700
  
PG::ConnectionBad (fe_sendauth: no password supplied
):
  
activerecord (5.0.1) lib/active_record/connection_adapters/postgresql_adapter.rb:671:in `initialize'
activerecord (5.0.1) lib/active_record/connection_adapters/postgresql_adapter.rb:671:in `new'
activerecord (5.0.1) lib/active_record/connection_adapters/postgresql_adapter.rb:671:in `connect'
activerecord (5.0.1) lib/active_record/connection_adapters/postgresql_adapter.rb:217:in `initialize'
activerecord (5.0.1) lib/active_record/connection_adapters/postgresql_adapter.rb:37:in `new'
activerecord (5.0.1) lib/active_record/connection_adapters/postgresql_adapter.rb:37:in `postgresql_connection'
activerecord (5.0.1) lib/active_record/connection_adapters/abstract/connection_pool.rb:729:in `new_connection'
activerecord (5.0.1) lib/active_record/connection_adapters/abstract/connection_pool.rb:773:in `checkout_new_connection'
activerecord (5.0.1) lib/active_record/connection_adapters/abstract/connection_pool.rb:752:in `try_to_checkout_new_connection'
activerecord (5.0.1) lib/active_record/connection_adapters/abstract/connection_pool.rb:713:in `acquire_connection'
activerecord (5.0.1) lib/active_record/connection_adapters/abstract/connection_pool.rb:490:in `checkout'
activerecord (5.0.1) lib/active_record/connection_adapters/abstract/connection_pool.rb:364:in `connection'
activerecord (5.0.1) lib/active_record/connection_adapters/abstract/connection_pool.rb:883:in `retrieve_connection'
activerecord (5.0.1) lib/active_record/connection_handling.rb:128:in `retrieve_connection'
activerecord (5.0.1) lib/active_record/connection_handling.rb:91:in `connection'
activerecord (5.0.1) lib/active_record/migration.rb:559:in `connection'
activerecord (5.0.1) lib/active_record/migration.rb:546:in `call'
actionpack (5.0.1) lib/action_dispatch/middleware/callbacks.rb:38:in `block in call'
activesupport (5.0.1) lib/active_support/callbacks.rb:97:in `__run_callbacks__'
activesupport (5.0.1) lib/active_support/callbacks.rb:750:in `_run_call_callbacks'
activesupport (5.0.1) lib/active_support/callbacks.rb:90:in `run_callbacks'
actionpack (5.0.1) lib/action_dispatch/middleware/callbacks.rb:36:in `call'
actionpack (5.0.1) lib/action_dispatch/middleware/executor.rb:12:in `call'
actionpack (5.0.1) lib/action_dispatch/middleware/remote_ip.rb:79:in `call'
actionpack (5.0.1) lib/action_dispatch/middleware/debug_exceptions.rb:49:in `call'
web-console (3.4.0) lib/web_console/middleware.rb:135:in `call_app'
web-console (3.4.0) lib/web_console/middleware.rb:28:in `block in call'
web-console (3.4.0) lib/web_console/middleware.rb:18:in `catch'
web-console (3.4.0) lib/web_console/middleware.rb:18:in `call'
actionpack (5.0.1) lib/action_dispatch/middleware/show_exceptions.rb:31:in `call'
railties (5.0.1) lib/rails/rack/logger.rb:36:in `call_app'
railties (5.0.1) lib/rails/rack/logger.rb:24:in `block in call'
activesupport (5.0.1) lib/active_support/tagged_logging.rb:69:in `block in tagged'
activesupport (5.0.1) lib/active_support/tagged_logging.rb:26:in `tagged'
activesupport (5.0.1) lib/active_support/tagged_logging.rb:69:in `tagged'
railties (5.0.1) lib/rails/rack/logger.rb:24:in `call'
sprockets-rails (3.2.0) lib/sprockets/rails/quiet_assets.rb:13:in `call'
actionpack (5.0.1) lib/action_dispatch/middleware/request_id.rb:24:in `call'
rack (2.0.1) lib/rack/method_override.rb:22:in `call'
rack (2.0.1) lib/rack/runtime.rb:22:in `call'
activesupport (5.0.1) lib/active_support/cache/strategy/local_cache_middleware.rb:28:in `call'
actionpack (5.0.1) lib/action_dispatch/middleware/executor.rb:12:in `call'
actionpack (5.0.1) lib/action_dispatch/middleware/static.rb:136:in `call'
rack (2.0.1) lib/rack/sendfile.rb:111:in `call'
railties (5.0.1) lib/rails/engine.rb:522:in `call'
puma (3.7.0) lib/puma/configuration.rb:226:in `call'
puma (3.7.0) lib/puma/server.rb:578:in `handle_request'
puma (3.7.0) lib/puma/server.rb:415:in `process_client'
puma (3.7.0) lib/puma/server.rb:275:in `block in run'
puma (3.7.0) lib/puma/thread_pool.rb:120:in `block in spawn_thread'
  Rendering /usr/local/lib/ruby/gems/2.3.0/gems/actionpack-5.0.1/lib/action_dispatch/middleware/templates/rescues/diagnostics.html.erb within rescues/layout
  Rendering /usr/local/lib/ruby/gems/2.3.0/gems/actionpack-5.0.1/lib/action_dispatch/middleware/templates/rescues/_source.html.erb
  Rendered /usr/local/lib/ruby/gems/2.3.0/gems/actionpack-5.0.1/lib/action_dispatch/middleware/templates/rescues/_source.html.erb (3.6ms)
  Rendering /usr/local/lib/ruby/gems/2.3.0/gems/actionpack-5.0.1/lib/action_dispatch/middleware/templates/rescues/_trace.html.erb
  Rendered /usr/local/lib/ruby/gems/2.3.0/gems/actionpack-5.0.1/lib/action_dispatch/middleware/templates/rescues/_trace.html.erb (1.8ms)
  Rendering /usr/local/lib/ruby/gems/2.3.0/gems/actionpack-5.0.1/lib/action_dispatch/middleware/templates/rescues/_request_and_response.html.erb
  Rendered /usr/local/lib/ruby/gems/2.3.0/gems/actionpack-5.0.1/lib/action_dispatch/middleware/templates/rescues/_request_and_response.html.erb (1.1ms)
  Rendered /usr/local/lib/ruby/gems/2.3.0/gems/actionpack-5.0.1/lib/action_dispatch/middleware/templates/rescues/diagnostics.html.erb within rescues/layout (59.2ms)
  [1m[35m (38.2ms)[0m  [1m[35mCREATE TABLE "schema_migrations" ("version" character varying PRIMARY KEY)[0m
  [1m[35m (21.8ms)[0m  [1m[35mCREATE TABLE "ar_internal_metadata" ("key" character varying PRIMARY KEY, "value" character varying, "created_at" timestamp NOT NULL, "updated_at" timestamp NOT NULL)[0m
  [1m[35m (0.4ms)[0m  [1m[34mSELECT pg_try_advisory_lock(892336952976185220);[0m
  [1m[36mActiveRecord::SchemaMigration Load (0.5ms)[0m  [1m[34mSELECT "schema_migrations".* FROM "schema_migrations"[0m
Migrating to CreateArticles (20170208145654)
  [1m[35m (0.1ms)[0m  [1m[35mBEGIN[0m
  [1m[35m (28.9ms)[0m  [1m[35mCREATE TABLE "articles" ("id" serial primary key, "title" character varying, "body" character varying, "created_at" timestamp NOT NULL, "updated_at" timestamp NOT NULL)[0m
  [1m[35mSQL (12.7ms)[0m  [1m[32mINSERT INTO "schema_migrations" ("version") VALUES ($1) RETURNING "version"[0m  [["version", "20170208145654"]]
  [1m[35m (6.2ms)[0m  [1m[35mCOMMIT[0m
  [1m[36mActiveRecord::InternalMetadata Load (0.4ms)[0m  [1m[34mSELECT  "ar_internal_metadata".* FROM "ar_internal_metadata" WHERE "ar_internal_metadata"."key" = $1 LIMIT $2[0m  [["key", :environment], ["LIMIT", 1]]
  [1m[35m (0.2ms)[0m  [1m[35mBEGIN[0m
  [1m[35mSQL (0.7ms)[0m  [1m[32mINSERT INTO "ar_internal_metadata" ("key", "value", "created_at", "updated_at") VALUES ($1, $2, $3, $4) RETURNING "key"[0m  [["key", "environment"], ["value", "development"], ["created_at", 2017-02-08 15:17:16 UTC], ["updated_at", 2017-02-08 15:17:16 UTC]]
  [1m[35m (0.2ms)[0m  [1m[35mCOMMIT[0m
  [1m[35m (0.2ms)[0m  [1m[34mSELECT pg_advisory_unlock(892336952976185220)[0m
  [1m[36mActiveRecord::SchemaMigration Load (0.2ms)[0m  [1m[34mSELECT "schema_migrations".* FROM "schema_migrations"[0m
Started GET "/articles" for 127.0.0.1 at 2017-02-08 22:17:34 +0700
  [1m[36mActiveRecord::SchemaMigration Load (0.4ms)[0m  [1m[34mSELECT "schema_migrations".* FROM "schema_migrations"[0m
Processing by ArticlesController#index as HTML
  Rendering articles/index.html.erb within layouts/application
  [1m[36mArticle Load (0.5ms)[0m  [1m[34mSELECT "articles".* FROM "articles"[0m
  Rendered articles/index.html.erb within layouts/application (8.1ms)
Completed 200 OK in 489ms (Views: 474.4ms | ActiveRecord: 1.8ms)


Started GET "/articles" for 127.0.0.1 at 2017-02-08 22:17:37 +0700
Processing by ArticlesController#index as HTML
  Rendering articles/index.html.erb within layouts/application
  [1m[36mArticle Load (0.8ms)[0m  [1m[34mSELECT "articles".* FROM "articles"[0m
  Rendered articles/index.html.erb within layouts/application (3.1ms)
Completed 200 OK in 26ms (Views: 22.8ms | ActiveRecord: 0.8ms)


  [1m[35m (0.2ms)[0m  [1m[34mSELECT pg_try_advisory_lock(892336952976185220);[0m
  [1m[36mActiveRecord::SchemaMigration Load (0.6ms)[0m  [1m[34mSELECT "schema_migrations".* FROM "schema_migrations"[0m
  [1m[36mActiveRecord::InternalMetadata Load (0.4ms)[0m  [1m[34mSELECT  "ar_internal_metadata".* FROM "ar_internal_metadata" WHERE "ar_internal_metadata"."key" = $1 LIMIT $2[0m  [["key", :environment], ["LIMIT", 1]]
  [1m[35m (0.1ms)[0m  [1m[35mBEGIN[0m
  [1m[35m (0.1ms)[0m  [1m[35mCOMMIT[0m
  [1m[35m (0.2ms)[0m  [1m[34mSELECT pg_advisory_unlock(892336952976185220)[0m
  [1m[36mActiveRecord::SchemaMigration Load (0.2ms)[0m  [1m[34mSELECT "schema_migrations".* FROM "schema_migrations"[0m
Started GET "/articles/new" for 127.0.0.1 at 2017-02-08 22:19:22 +0700
  [1m[36mActiveRecord::SchemaMigration Load (0.4ms)[0m  [1m[34mSELECT "schema_migrations".* FROM "schema_migrations"[0m
Processing by ArticlesController#new as HTML
  Rendering articles/new.html.erb within layouts/application
  Rendered articles/_form.html.erb (24.3ms)
  Rendered articles/new.html.erb within layouts/application (27.7ms)
Completed 200 OK in 266ms (Views: 244.8ms | ActiveRecord: 4.6ms)


Started POST "/articles" for 127.0.0.1 at 2017-02-08 22:20:05 +0700
Processing by ArticlesController#create as HTML
  Parameters: {"utf8"=>"✓", "authenticity_token"=>"2TvQXpzZgL2zeD6k8uCWPHF5uiFQkt2kYwys5YiobILaxFEHsCWVkn8Gq1fbfuWQaKmQOU6LxEGpkyUgn1FoDA==", "article"=>{"title"=>"Hello Rails 5", "body"=>"Hi, im beginner with Rails"}, "commit"=>"Create Article"}
  [1m[35m (0.1ms)[0m  [1m[35mBEGIN[0m
  [1m[35mSQL (1.1ms)[0m  [1m[32mINSERT INTO "articles" ("title", "body", "created_at", "updated_at") VALUES ($1, $2, $3, $4) RETURNING "id"[0m  [["title", "Hello Rails 5"], ["body", "Hi, im beginner with Rails"], ["created_at", 2017-02-08 15:20:05 UTC], ["updated_at", 2017-02-08 15:20:05 UTC]]
  [1m[35m (5.6ms)[0m  [1m[35mCOMMIT[0m
Redirected to http://localhost:3000/articles/1
Completed 302 Found in 12ms (ActiveRecord: 6.8ms)


Started GET "/articles/1" for 127.0.0.1 at 2017-02-08 22:20:05 +0700
Processing by ArticlesController#show as HTML
  Parameters: {"id"=>"1"}
  [1m[36mArticle Load (0.3ms)[0m  [1m[34mSELECT  "articles".* FROM "articles" WHERE "articles"."id" = $1 LIMIT $2[0m  [["id", 1], ["LIMIT", 1]]
  Rendering articles/show.html.erb within layouts/application
  Rendered articles/show.html.erb within layouts/application (0.9ms)
Completed 200 OK in 20ms (Views: 14.4ms | ActiveRecord: 0.5ms)


Started GET "/articles" for 127.0.0.1 at 2017-02-08 22:20:54 +0700
Processing by ArticlesController#index as HTML
  Rendering articles/index.html.erb within layouts/application
  [1m[36mArticle Load (0.3ms)[0m  [1m[34mSELECT "articles".* FROM "articles"[0m
  Rendered articles/index.html.erb within layouts/application (1.9ms)
Completed 200 OK in 19ms (Views: 16.9ms | ActiveRecord: 0.3ms)


Started GET "/" for 127.0.0.1 at 2017-02-08 22:35:22 +0700
  [1m[36mActiveRecord::SchemaMigration Load (0.6ms)[0m  [1m[34mSELECT "schema_migrations".* FROM "schema_migrations"[0m
Processing by Rails::WelcomeController#index as HTML
  Parameters: {"internal"=>true}
  Rendering /usr/local/lib/ruby/gems/2.3.0/gems/railties-5.0.1/lib/rails/templates/rails/welcome/index.html.erb
  Rendered /usr/local/lib/ruby/gems/2.3.0/gems/railties-5.0.1/lib/rails/templates/rails/welcome/index.html.erb (4.6ms)
Completed 200 OK in 21ms (Views: 10.5ms | ActiveRecord: 0.0ms)


Started GET "/articles" for 127.0.0.1 at 2017-02-08 22:35:25 +0700
Processing by ArticlesController#index as HTML
  Rendering articles/index.html.erb within layouts/application
  [1m[36mArticle Load (0.7ms)[0m  [1m[34mSELECT "articles".* FROM "articles"[0m
  Rendered articles/index.html.erb within layouts/application (21.1ms)
Completed 200 OK in 4822ms (Views: 4810.0ms | ActiveRecord: 8.0ms)


Started GET "/articles" for 127.0.0.1 at 2017-02-08 22:37:54 +0700
Processing by ArticlesController#index as HTML
  Rendering articles/index.html.erb within layouts/application
  [1m[36mArticle Load (0.6ms)[0m  [1m[34mSELECT "articles".* FROM "articles"[0m
  Rendered articles/index.html.erb within layouts/application (2.2ms)
Completed 200 OK in 35ms (Views: 33.3ms | ActiveRecord: 0.6ms)


Started GET "/articles" for 127.0.0.1 at 2017-02-08 22:38:26 +0700
Processing by ArticlesController#index as HTML
  Rendering articles/index.html.erb within layouts/application
  [1m[36mArticle Load (0.6ms)[0m  [1m[34mSELECT "articles".* FROM "articles"[0m
  Rendered articles/index.html.erb within layouts/application (2.2ms)
Completed 200 OK in 37ms (Views: 35.0ms | ActiveRecord: 0.6ms)


Started GET "/articles" for 127.0.0.1 at 2017-02-08 22:39:32 +0700
Processing by ArticlesController#index as HTML
  Rendering articles/index.html.erb within layouts/application
  [1m[36mArticle Load (0.6ms)[0m  [1m[34mSELECT "articles".* FROM "articles"[0m
  Rendered articles/index.html.erb within layouts/application (1.9ms)
Completed 200 OK in 49ms (Views: 46.7ms | ActiveRecord: 0.6ms)


Started GET "/articles" for 127.0.0.1 at 2017-02-08 22:39:48 +0700
Processing by ArticlesController#index as HTML
  Rendering articles/index.html.erb within layouts/application
  [1m[36mArticle Load (0.7ms)[0m  [1m[34mSELECT "articles".* FROM "articles"[0m
  Rendered articles/index.html.erb within layouts/application (2.7ms)
Completed 200 OK in 51ms (Views: 48.1ms | ActiveRecord: 0.7ms)


Started GET "/articles/new" for 127.0.0.1 at 2017-02-08 22:39:50 +0700
Processing by ArticlesController#new as HTML
  Rendering articles/new.html.erb within layouts/application
  Rendered articles/_form.html.erb (16.9ms)
  Rendered articles/new.html.erb within layouts/application (18.8ms)
Completed 200 OK in 64ms (Views: 60.4ms | ActiveRecord: 0.0ms)


Started GET "/articles" for 127.0.0.1 at 2017-02-08 22:47:43 +0700
Processing by ArticlesController#index as HTML
  Rendering articles/index.html.erb within layouts/application
  [1m[36mArticle Load (0.3ms)[0m  [1m[34mSELECT "articles".* FROM "articles"[0m
  Rendered articles/index.html.erb within layouts/application (2.0ms)
Completed 200 OK in 46ms (Views: 43.7ms | ActiveRecord: 0.3ms)


Started GET "/articles" for 127.0.0.1 at 2017-02-08 22:47:46 +0700
Processing by ArticlesController#index as HTML
  Rendering articles/index.html.erb within layouts/application
  [1m[36mArticle Load (0.3ms)[0m  [1m[34mSELECT "articles".* FROM "articles"[0m
  Rendered articles/index.html.erb within layouts/application (2.0ms)
Completed 200 OK in 46ms (Views: 43.6ms | ActiveRecord: 0.3ms)


Started GET "/articles/new" for 127.0.0.1 at 2017-02-08 22:47:47 +0700
Processing by ArticlesController#new as HTML
  Rendering articles/new.html.erb within layouts/application
  Rendered articles/_form.html.erb (2.1ms)
  Rendered articles/new.html.erb within layouts/application (3.7ms)
Completed 200 OK in 44ms (Views: 42.4ms | ActiveRecord: 0.0ms)


Started POST "/articles" for 127.0.0.1 at 2017-02-08 22:48:28 +0700
Processing by ArticlesController#create as HTML
  Parameters: {"utf8"=>"✓", "authenticity_token"=>"YzsJwdhRIvSL55yP2+4x9U7KuNL6/kbFw/8Suh880KdgxIiY9K0320eZCXzycEJZVxqSyuTnXyAJYJt/CMXUKQ==", "article"=>{"title"=>"The second title ", "body"=>"This is a article to test with bootstrap"}, "commit"=>"Create Article"}
  [1m[35m (0.1ms)[0m  [1m[35mBEGIN[0m
  [1m[35mSQL (0.5ms)[0m  [1m[32mINSERT INTO "articles" ("title", "body", "created_at", "updated_at") VALUES ($1, $2, $3, $4) RETURNING "id"[0m  [["title", "The second title "], ["body", "This is a article to test with bootstrap"], ["created_at", 2017-02-08 15:48:28 UTC], ["updated_at", 2017-02-08 15:48:28 UTC]]
  [1m[35m (6.2ms)[0m  [1m[35mCOMMIT[0m
Redirected to http://localhost:3000/articles/2
Completed 302 Found in 13ms (ActiveRecord: 6.9ms)


Started GET "/articles/2" for 127.0.0.1 at 2017-02-08 22:48:28 +0700
Processing by ArticlesController#show as HTML
  Parameters: {"id"=>"2"}
  [1m[36mArticle Load (0.3ms)[0m  [1m[34mSELECT  "articles".* FROM "articles" WHERE "articles"."id" = $1 LIMIT $2[0m  [["id", 2], ["LIMIT", 1]]
  Rendering articles/show.html.erb within layouts/application
  Rendered articles/show.html.erb within layouts/application (0.8ms)
Completed 200 OK in 48ms (Views: 41.4ms | ActiveRecord: 0.5ms)


Started GET "/articles" for 127.0.0.1 at 2017-02-08 22:48:32 +0700
Processing by ArticlesController#index as HTML
  Rendering articles/index.html.erb within layouts/application
  [1m[36mArticle Load (0.3ms)[0m  [1m[34mSELECT "articles".* FROM "articles"[0m
  Rendered articles/index.html.erb within layouts/application (1.8ms)
Completed 200 OK in 38ms (Views: 36.3ms | ActiveRecord: 0.3ms)


Started GET "/articles" for 127.0.0.1 at 2017-02-08 22:48:32 +0700
Processing by ArticlesController#index as HTML
  Rendering articles/index.html.erb within layouts/application
  [1m[36mArticle Load (0.4ms)[0m  [1m[34mSELECT "articles".* FROM "articles"[0m
  Rendered articles/index.html.erb within layouts/application (2.6ms)
Completed 200 OK in 52ms (Views: 48.0ms | ActiveRecord: 0.4ms)


Started GET "/articles" for 127.0.0.1 at 2017-02-08 22:49:01 +0700
Processing by ArticlesController#index as HTML
  Rendering articles/index.html.erb within layouts/application
  [1m[36mArticle Load (0.3ms)[0m  [1m[34mSELECT "articles".* FROM "articles"[0m
  Rendered articles/index.html.erb within layouts/application (2.2ms)
Completed 200 OK in 37ms (Views: 34.7ms | ActiveRecord: 0.3ms)


Started GET "/articles" for 127.0.0.1 at 2017-02-08 23:01:23 +0700
Processing by ArticlesController#index as HTML
  Rendering articles/index.html.erb within layouts/application
  [1m[36mArticle Load (0.3ms)[0m  [1m[34mSELECT "articles".* FROM "articles"[0m
  Rendered articles/index.html.erb within layouts/application (2.3ms)
Completed 200 OK in 45ms (Views: 43.2ms | ActiveRecord: 0.3ms)


Started GET "/..." for 127.0.0.1 at 2017-02-08 23:01:23 +0700
  
ActionController::RoutingError (No route matches [GET] "/..."):
  
actionpack (5.0.1) lib/action_dispatch/middleware/debug_exceptions.rb:53:in `call'
web-console (3.4.0) lib/web_console/middleware.rb:135:in `call_app'
web-console (3.4.0) lib/web_console/middleware.rb:28:in `block in call'
web-console (3.4.0) lib/web_console/middleware.rb:18:in `catch'
web-console (3.4.0) lib/web_console/middleware.rb:18:in `call'
actionpack (5.0.1) lib/action_dispatch/middleware/show_exceptions.rb:31:in `call'
railties (5.0.1) lib/rails/rack/logger.rb:36:in `call_app'
railties (5.0.1) lib/rails/rack/logger.rb:24:in `block in call'
activesupport (5.0.1) lib/active_support/tagged_logging.rb:69:in `block in tagged'
activesupport (5.0.1) lib/active_support/tagged_logging.rb:26:in `tagged'
activesupport (5.0.1) lib/active_support/tagged_logging.rb:69:in `tagged'
railties (5.0.1) lib/rails/rack/logger.rb:24:in `call'
sprockets-rails (3.2.0) lib/sprockets/rails/quiet_assets.rb:13:in `call'
actionpack (5.0.1) lib/action_dispatch/middleware/request_id.rb:24:in `call'
rack (2.0.1) lib/rack/method_override.rb:22:in `call'
rack (2.0.1) lib/rack/runtime.rb:22:in `call'
activesupport (5.0.1) lib/active_support/cache/strategy/local_cache_middleware.rb:28:in `call'
actionpack (5.0.1) lib/action_dispatch/middleware/executor.rb:12:in `call'
actionpack (5.0.1) lib/action_dispatch/middleware/static.rb:136:in `call'
rack (2.0.1) lib/rack/sendfile.rb:111:in `call'
railties (5.0.1) lib/rails/engine.rb:522:in `call'
puma (3.7.0) lib/puma/configuration.rb:226:in `call'
puma (3.7.0) lib/puma/server.rb:578:in `handle_request'
puma (3.7.0) lib/puma/server.rb:415:in `process_client'
puma (3.7.0) lib/puma/server.rb:275:in `block in run'
puma (3.7.0) lib/puma/thread_pool.rb:120:in `block in spawn_thread'
  Rendering /usr/local/lib/ruby/gems/2.3.0/gems/actionpack-5.0.1/lib/action_dispatch/middleware/templates/rescues/routing_error.html.erb within rescues/layout
  Rendering /usr/local/lib/ruby/gems/2.3.0/gems/actionpack-5.0.1/lib/action_dispatch/middleware/templates/rescues/_trace.html.erb
  Rendered /usr/local/lib/ruby/gems/2.3.0/gems/actionpack-5.0.1/lib/action_dispatch/middleware/templates/rescues/_trace.html.erb (1.1ms)
  Rendered collection of /usr/local/lib/ruby/gems/2.3.0/gems/actionpack-5.0.1/lib/action_dispatch/middleware/templates/routes/_route.html.erb [8 times] (7.7ms)
  Rendered /usr/local/lib/ruby/gems/2.3.0/gems/actionpack-5.0.1/lib/action_dispatch/middleware/templates/routes/_table.html.erb (2.3ms)
  Rendering /usr/local/lib/ruby/gems/2.3.0/gems/actionpack-5.0.1/lib/action_dispatch/middleware/templates/rescues/_request_and_response.html.erb
  Rendered /usr/local/lib/ruby/gems/2.3.0/gems/actionpack-5.0.1/lib/action_dispatch/middleware/templates/rescues/_request_and_response.html.erb (1.2ms)
  Rendered /usr/local/lib/ruby/gems/2.3.0/gems/actionpack-5.0.1/lib/action_dispatch/middleware/templates/rescues/routing_error.html.erb within rescues/layout (75.5ms)
Started GET "/articles" for 127.0.0.1 at 2017-02-08 23:01:52 +0700
Processing by ArticlesController#index as HTML
  Rendering articles/index.html.erb within layouts/application
  [1m[36mArticle Load (0.3ms)[0m  [1m[34mSELECT "articles".* FROM "articles"[0m
  Rendered articles/index.html.erb within layouts/application (2.0ms)
Completed 200 OK in 39ms (Views: 37.5ms | ActiveRecord: 0.3ms)


Started GET "/articles/new" for 127.0.0.1 at 2017-02-08 23:03:18 +0700
Processing by ArticlesController#new as HTML
  Rendering articles/new.html.erb within layouts/application
  Rendered articles/_form.html.erb (3.7ms)
  Rendered articles/new.html.erb within layouts/application (6.3ms)
Completed 200 OK in 43ms (Views: 40.1ms | ActiveRecord: 0.0ms)


Started POST "/articles" for 127.0.0.1 at 2017-02-08 23:04:08 +0700
Processing by ArticlesController#create as HTML
  Parameters: {"utf8"=>"✓", "authenticity_token"=>"VAeTNGscUHAUpOBOBRWwQMJOy5Gyc77EnOySTsxYfmxX+BJtR+BFX9jadb0si8Ps257hiaxqpyFWcxuL26F64g==", "article"=>{"title"=>"Go out for dinner", "body"=>"We had funny night together"}, "commit"=>"Create Article"}
  [1m[35m (0.1ms)[0m  [1m[35mBEGIN[0m
  [1m[35mSQL (0.7ms)[0m  [1m[32mINSERT INTO "articles" ("title", "body", "created_at", "updated_at") VALUES ($1, $2, $3, $4) RETURNING "id"[0m  [["title", "Go out for dinner"], ["body", "We had funny night together"], ["created_at", 2017-02-08 16:04:08 UTC], ["updated_at", 2017-02-08 16:04:08 UTC]]
  [1m[35m (5.7ms)[0m  [1m[35mCOMMIT[0m
Redirected to http://localhost:3000/articles/3
Completed 302 Found in 10ms (ActiveRecord: 6.5ms)


Started GET "/articles/3" for 127.0.0.1 at 2017-02-08 23:04:08 +0700
Processing by ArticlesController#show as HTML
  Parameters: {"id"=>"3"}
  [1m[36mArticle Load (0.2ms)[0m  [1m[34mSELECT  "articles".* FROM "articles" WHERE "articles"."id" = $1 LIMIT $2[0m  [["id", 3], ["LIMIT", 1]]
  Rendering articles/show.html.erb within layouts/application
  Rendered articles/show.html.erb within layouts/application (0.7ms)
Completed 200 OK in 38ms (Views: 35.4ms | ActiveRecord: 0.4ms)


Started GET "/articles" for 127.0.0.1 at 2017-02-08 23:04:13 +0700
Processing by ArticlesController#index as HTML
  Rendering articles/index.html.erb within layouts/application
  [1m[36mArticle Load (0.3ms)[0m  [1m[34mSELECT "articles".* FROM "articles"[0m
  Rendered articles/index.html.erb within layouts/application (2.0ms)
Started GET "/articles" for 127.0.0.1 at 2017-02-08 23:04:13 +0700
Processing by ArticlesController#index as HTML
  Rendering articles/index.html.erb within layouts/application
Completed 200 OK in 59ms (Views: 55.1ms | ActiveRecord: 0.3ms)


  [1m[36mArticle Load (0.7ms)[0m  [1m[34mSELECT "articles".* FROM "articles"[0m
  Rendered articles/index.html.erb within layouts/application (3.3ms)
Completed 200 OK in 49ms (Views: 44.8ms | ActiveRecord: 0.7ms)


Started GET "/articles" for 127.0.0.1 at 2017-02-08 23:04:35 +0700
Processing by ArticlesController#index as HTML
  Rendering articles/index.html.erb within layouts/application
  [1m[36mArticle Load (0.3ms)[0m  [1m[34mSELECT "articles".* FROM "articles"[0m
  Rendered articles/index.html.erb within layouts/application (2.2ms)
Completed 200 OK in 43ms (Views: 41.2ms | ActiveRecord: 0.3ms)


Started GET "/articles/new" for 127.0.0.1 at 2017-02-08 23:04:39 +0700
Processing by ArticlesController#new as HTML
  Rendering articles/new.html.erb within layouts/application
  Rendered articles/_form.html.erb (2.9ms)
  Rendered articles/new.html.erb within layouts/application (4.7ms)
Completed 200 OK in 44ms (Views: 40.1ms | ActiveRecord: 0.0ms)


Started POST "/articles" for 127.0.0.1 at 2017-02-08 23:05:47 +0700
Processing by ArticlesController#create as HTML
  Parameters: {"utf8"=>"✓", "authenticity_token"=>"hEN4JK5mvQt7unsWANJ35xqmCFUSa0VHSQsePFy3lC2HvPl9gpqoJLfE7uUpTARLA3YiTQxyXKKDlJf5S06Qow==", "article"=>{"title"=>"Test Markdown format", "body"=>"Hello, how are *you* ?"}, "commit"=>"Create Article"}
  [1m[35m (0.1ms)[0m  [1m[35mBEGIN[0m
  [1m[35mSQL (0.3ms)[0m  [1m[32mINSERT INTO "articles" ("title", "body", "created_at", "updated_at") VALUES ($1, $2, $3, $4) RETURNING "id"[0m  [["title", "Test Markdown format"], ["body", "Hello, how are *you* ?"], ["created_at", 2017-02-08 16:05:47 UTC], ["updated_at", 2017-02-08 16:05:47 UTC]]
  [1m[35m (5.9ms)[0m  [1m[35mCOMMIT[0m
Redirected to http://localhost:3000/articles/4
Completed 302 Found in 9ms (ActiveRecord: 6.4ms)


Started GET "/articles/4" for 127.0.0.1 at 2017-02-08 23:05:47 +0700
Processing by ArticlesController#show as HTML
  Parameters: {"id"=>"4"}
  [1m[36mArticle Load (0.3ms)[0m  [1m[34mSELECT  "articles".* FROM "articles" WHERE "articles"."id" = $1 LIMIT $2[0m  [["id", 4], ["LIMIT", 1]]
  Rendering articles/show.html.erb within layouts/application
  Rendered articles/show.html.erb within layouts/application (0.6ms)
Completed 200 OK in 45ms (Views: 42.6ms | ActiveRecord: 0.3ms)


Started GET "/articles" for 127.0.0.1 at 2017-02-08 23:05:52 +0700
Processing by ArticlesController#index as HTML
  Rendering articles/index.html.erb within layouts/application
  [1m[36mArticle Load (0.5ms)[0m  [1m[34mSELECT "articles".* FROM "articles"[0m
  Rendered articles/index.html.erb within layouts/application (5.7ms)
Completed 200 OK in 52ms (Views: 48.5ms | ActiveRecord: 0.5ms)


Started GET "/articles" for 127.0.0.1 at 2017-02-08 23:15:36 +0700
  [1m[36mActiveRecord::SchemaMigration Load (0.6ms)[0m  [1m[34mSELECT "schema_migrations".* FROM "schema_migrations"[0m
Processing by ArticlesController#index as HTML
  Rendering articles/index.html.erb within layouts/application
  [1m[36mArticle Load (0.7ms)[0m  [1m[34mSELECT "articles".* FROM "articles"[0m
  Rendered articles/index.html.erb within layouts/application (22.3ms)
Completed 200 OK in 338ms (Views: 318.1ms | ActiveRecord: 6.8ms)


Started GET "/articles" for 127.0.0.1 at 2017-02-08 23:16:37 +0700
Processing by ArticlesController#index as HTML
  Rendering articles/index.html.erb within layouts/application
  [1m[36mArticle Load (0.4ms)[0m  [1m[34mSELECT "articles".* FROM "articles"[0m
  Rendered articles/index.html.erb within layouts/application (2.8ms)
Completed 200 OK in 41ms (Views: 39.4ms | ActiveRecord: 0.4ms)


Started GET "/articles" for 127.0.0.1 at 2017-02-08 23:22:10 +0700
Processing by ArticlesController#index as HTML
  Rendering articles/index.html.erb within layouts/application
  [1m[36mArticle Load (0.5ms)[0m  [1m[34mSELECT "articles".* FROM "articles"[0m
  Rendered articles/index.html.erb within layouts/application (3.0ms)
Completed 200 OK in 62ms (Views: 59.3ms | ActiveRecord: 0.5ms)


Started GET "/articles" for 127.0.0.1 at 2017-02-08 23:22:19 +0700
Processing by ArticlesController#index as HTML
  Rendering articles/index.html.erb within layouts/application
  [1m[36mArticle Load (0.5ms)[0m  [1m[34mSELECT "articles".* FROM "articles"[0m
  Rendered articles/index.html.erb within layouts/application (3.0ms)
Completed 200 OK in 48ms (Views: 46.1ms | ActiveRecord: 0.5ms)


Started GET "/articles" for 127.0.0.1 at 2017-02-08 23:22:38 +0700
Processing by ArticlesController#index as HTML
  Rendering articles/index.html.erb within layouts/application
  [1m[36mArticle Load (0.3ms)[0m  [1m[34mSELECT "articles".* FROM "articles"[0m
  Rendered articles/index.html.erb within layouts/application (2.6ms)
Completed 200 OK in 52ms (Views: 50.3ms | ActiveRecord: 0.3ms)


Started GET "/articles/1/edit" for 127.0.0.1 at 2017-02-08 23:22:39 +0700
Processing by ArticlesController#edit as HTML
  Parameters: {"id"=>"1"}
  [1m[36mArticle Load (0.4ms)[0m  [1m[34mSELECT  "articles".* FROM "articles" WHERE "articles"."id" = $1 LIMIT $2[0m  [["id", 1], ["LIMIT", 1]]
  Rendering articles/edit.html.erb within layouts/application
  Rendered articles/_form.html.erb (17.0ms)
  Rendered articles/edit.html.erb within layouts/application (19.3ms)
Completed 200 OK in 89ms (Views: 77.9ms | ActiveRecord: 0.6ms)


Started GET "/articles/4/edit" for 127.0.0.1 at 2017-02-08 23:22:46 +0700
Processing by ArticlesController#edit as HTML
  Parameters: {"id"=>"4"}
  [1m[36mArticle Load (0.3ms)[0m  [1m[34mSELECT  "articles".* FROM "articles" WHERE "articles"."id" = $1 LIMIT $2[0m  [["id", 4], ["LIMIT", 1]]
  Rendering articles/edit.html.erb within layouts/application
  Rendered articles/_form.html.erb (3.9ms)
  Rendered articles/edit.html.erb within layouts/application (6.2ms)
Completed 200 OK in 60ms (Views: 56.6ms | ActiveRecord: 0.3ms)


Started PATCH "/articles/4" for 127.0.0.1 at 2017-02-08 23:22:58 +0700
Processing by ArticlesController#update as HTML
  Parameters: {"utf8"=>"✓", "authenticity_token"=>"M8DUWGW6wuYzGK9OQOQS4Q7RmrUarDIzqH1xcV1aqiw/b345HSvGxWpAJNdLsG6CUnGRcgofmCj+iAvHH8s08A==", "article"=>{"title"=>"Test Markdown format", "body"=>"Hello, how are **you** ?"}, "commit"=>"Update Article", "id"=>"4"}
  [1m[36mArticle Load (0.4ms)[0m  [1m[34mSELECT  "articles".* FROM "articles" WHERE "articles"."id" = $1 LIMIT $2[0m  [["id", 4], ["LIMIT", 1]]
  [1m[35m (0.1ms)[0m  [1m[35mBEGIN[0m
  [1m[35mSQL (0.4ms)[0m  [1m[33mUPDATE "articles" SET "body" = $1, "updated_at" = $2 WHERE "articles"."id" = $3[0m  [["body", "Hello, how are **you** ?"], ["updated_at", 2017-02-08 16:22:58 UTC], ["id", 4]]
  [1m[35m (6.0ms)[0m  [1m[35mCOMMIT[0m
Redirected to http://localhost:3000/articles/4
Completed 302 Found in 11ms (ActiveRecord: 6.9ms)


Started GET "/articles/4" for 127.0.0.1 at 2017-02-08 23:22:58 +0700
Processing by ArticlesController#show as HTML
  Parameters: {"id"=>"4"}
  [1m[36mArticle Load (0.2ms)[0m  [1m[34mSELECT  "articles".* FROM "articles" WHERE "articles"."id" = $1 LIMIT $2[0m  [["id", 4], ["LIMIT", 1]]
  Rendering articles/show.html.erb within layouts/application
  Rendered articles/show.html.erb within layouts/application (0.7ms)
Completed 200 OK in 43ms (Views: 40.7ms | ActiveRecord: 0.2ms)


Started GET "/articles" for 127.0.0.1 at 2017-02-08 23:23:02 +0700
Processing by ArticlesController#index as HTML
  Rendering articles/index.html.erb within layouts/application
  [1m[36mArticle Load (0.3ms)[0m  [1m[34mSELECT "articles".* FROM "articles"[0m
  Rendered articles/index.html.erb within layouts/application (2.3ms)
Completed 200 OK in 40ms (Views: 37.8ms | ActiveRecord: 0.3ms)


Started GET "/articles" for 127.0.0.1 at 2017-02-08 23:23:02 +0700
Processing by ArticlesController#index as HTML
  Rendering articles/index.html.erb within layouts/application
  [1m[36mArticle Load (0.4ms)[0m  [1m[34mSELECT "articles".* FROM "articles"[0m
  Rendered articles/index.html.erb within layouts/application (6.5ms)
Completed 200 OK in 52ms (Views: 49.4ms | ActiveRecord: 0.4ms)


Started GET "/articles/4/edit" for 127.0.0.1 at 2017-02-08 23:27:00 +0700
Processing by ArticlesController#edit as HTML
  Parameters: {"id"=>"4"}
  [1m[36mArticle Load (0.3ms)[0m  [1m[34mSELECT  "articles".* FROM "articles" WHERE "articles"."id" = $1 LIMIT $2[0m  [["id", 4], ["LIMIT", 1]]
  Rendering articles/edit.html.erb within layouts/application
  Rendered articles/_form.html.erb (2.3ms)
  Rendered articles/edit.html.erb within layouts/application (4.4ms)
Completed 200 OK in 52ms (Views: 48.8ms | ActiveRecord: 0.3ms)


Started PATCH "/articles/4" for 127.0.0.1 at 2017-02-08 23:27:05 +0700
Processing by ArticlesController#update as HTML
  Parameters: {"utf8"=>"✓", "authenticity_token"=>"Y5j4U8LTA5fIuWO+zZ/bcuYmCZOGSniXc/1h8nAhmBZvN1IyukIHtJHh6CfGy6cRuoYCVJb50owlCBtEMrAGyg==", "article"=>{"title"=>"Test Markdown format", "body"=>"Hello, how are **you** ?"}, "commit"=>"Update Article", "id"=>"4"}
  [1m[36mArticle Load (0.3ms)[0m  [1m[34mSELECT  "articles".* FROM "articles" WHERE "articles"."id" = $1 LIMIT $2[0m  [["id", 4], ["LIMIT", 1]]
  [1m[35m (0.1ms)[0m  [1m[35mBEGIN[0m
  [1m[35m (0.1ms)[0m  [1m[35mCOMMIT[0m
Redirected to http://localhost:3000/articles/4
Completed 302 Found in 3ms (ActiveRecord: 0.4ms)


Started GET "/articles/4" for 127.0.0.1 at 2017-02-08 23:27:05 +0700
Processing by ArticlesController#show as HTML
  Parameters: {"id"=>"4"}
  [1m[36mArticle Load (0.2ms)[0m  [1m[34mSELECT  "articles".* FROM "articles" WHERE "articles"."id" = $1 LIMIT $2[0m  [["id", 4], ["LIMIT", 1]]
  Rendering articles/show.html.erb within layouts/application
  Rendered articles/show.html.erb within layouts/application (0.6ms)
Completed 200 OK in 43ms (Views: 40.0ms | ActiveRecord: 0.2ms)


Started GET "/articles/4/edit" for 127.0.0.1 at 2017-02-08 23:27:07 +0700
Processing by ArticlesController#edit as HTML
  Parameters: {"id"=>"4"}
  [1m[36mArticle Load (0.2ms)[0m  [1m[34mSELECT  "articles".* FROM "articles" WHERE "articles"."id" = $1 LIMIT $2[0m  [["id", 4], ["LIMIT", 1]]
  Rendering articles/edit.html.erb within layouts/application
  Rendered articles/_form.html.erb (2.0ms)
  Rendered articles/edit.html.erb within layouts/application (3.7ms)
Completed 200 OK in 46ms (Views: 43.4ms | ActiveRecord: 0.2ms)


Started PATCH "/articles/4" for 127.0.0.1 at 2017-02-08 23:27:09 +0700
Processing by ArticlesController#update as HTML
  Parameters: {"utf8"=>"✓", "authenticity_token"=>"EBQw7u68DEXEcZLv9J+Q9QhDDB6/l2iITdXFcQ4Y7ogcu5qPli0IZp0pGXb/y+yWVOMH2a8kwpMbIL/HTIlwVA==", "article"=>{"title"=>"Test Markdown format", "body"=>"Hello, how are **you** ?"}, "commit"=>"Update Article", "id"=>"4"}
  [1m[36mArticle Load (0.2ms)[0m  [1m[34mSELECT  "articles".* FROM "articles" WHERE "articles"."id" = $1 LIMIT $2[0m  [["id", 4], ["LIMIT", 1]]
  [1m[35m (0.1ms)[0m  [1m[35mBEGIN[0m
  [1m[35m (0.1ms)[0m  [1m[35mCOMMIT[0m
Redirected to http://localhost:3000/articles/4
Completed 302 Found in 3ms (ActiveRecord: 0.4ms)


Started GET "/articles/4" for 127.0.0.1 at 2017-02-08 23:27:09 +0700
Processing by ArticlesController#show as HTML
  Parameters: {"id"=>"4"}
  [1m[36mArticle Load (0.2ms)[0m  [1m[34mSELECT  "articles".* FROM "articles" WHERE "articles"."id" = $1 LIMIT $2[0m  [["id", 4], ["LIMIT", 1]]
  Rendering articles/show.html.erb within layouts/application
  Rendered articles/show.html.erb within layouts/application (0.9ms)
Completed 200 OK in 46ms (Views: 43.2ms | ActiveRecord: 0.2ms)


Started GET "/articles/4/edit" for 127.0.0.1 at 2017-02-08 23:27:33 +0700
Processing by ArticlesController#edit as HTML
  Parameters: {"id"=>"4"}
  [1m[36mArticle Load (0.2ms)[0m  [1m[34mSELECT  "articles".* FROM "articles" WHERE "articles"."id" = $1 LIMIT $2[0m  [["id", 4], ["LIMIT", 1]]
  Rendering articles/edit.html.erb within layouts/application
  Rendered articles/_form.html.erb (2.1ms)
  Rendered articles/edit.html.erb within layouts/application (3.8ms)
Completed 200 OK in 43ms (Views: 40.3ms | ActiveRecord: 0.2ms)


Started PATCH "/articles/4" for 127.0.0.1 at 2017-02-08 23:27:36 +0700
Processing by ArticlesController#update as HTML
  Parameters: {"utf8"=>"✓", "authenticity_token"=>"MCXSZWbHjcRoL1VSMUIC8bZ2bDQnLEOHb/QxBp3LltzgFU8RCfVt5miVxieKhmXUHRh+CaFXwnisNpNhLOTdTA==", "article"=>{"title"=>"Test Markdown format", "body"=>"Hello, how are **you** ?"}, "commit"=>"Update Article", "id"=>"4"}
  [1m[36mArticle Load (0.3ms)[0m  [1m[34mSELECT  "articles".* FROM "articles" WHERE "articles"."id" = $1 LIMIT $2[0m  [["id", 4], ["LIMIT", 1]]
  [1m[35m (0.1ms)[0m  [1m[35mBEGIN[0m
  [1m[35m (0.1ms)[0m  [1m[35mCOMMIT[0m
Redirected to http://localhost:3000/articles/4
Completed 302 Found in 4ms (ActiveRecord: 0.5ms)


Started GET "/articles/4" for 127.0.0.1 at 2017-02-08 23:27:36 +0700
Processing by ArticlesController#show as HTML
  Parameters: {"id"=>"4"}
  [1m[36mArticle Load (1.0ms)[0m  [1m[34mSELECT  "articles".* FROM "articles" WHERE "articles"."id" = $1 LIMIT $2[0m  [["id", 4], ["LIMIT", 1]]
  Rendering articles/show.html.erb within layouts/application
  Rendered articles/show.html.erb within layouts/application (0.7ms)
Completed 200 OK in 46ms (Views: 40.3ms | ActiveRecord: 1.0ms)


Started GET "/articles/4/edit" for 127.0.0.1 at 2017-02-08 23:27:41 +0700
Processing by ArticlesController#edit as HTML
  Parameters: {"id"=>"4"}
  [1m[36mArticle Load (0.2ms)[0m  [1m[34mSELECT  "articles".* FROM "articles" WHERE "articles"."id" = $1 LIMIT $2[0m  [["id", 4], ["LIMIT", 1]]
  Rendering articles/edit.html.erb within layouts/application
  Rendered articles/_form.html.erb (2.0ms)
  Rendered articles/edit.html.erb within layouts/application (4.0ms)
Completed 200 OK in 41ms (Views: 38.8ms | ActiveRecord: 0.2ms)


Started PATCH "/articles/4" for 127.0.0.1 at 2017-02-08 23:27:43 +0700
Processing by ArticlesController#update as HTML
  Parameters: {"utf8"=>"✓", "authenticity_token"=>"4rTWoMk8T9v2qW+7vq5ubu/5NFGYy11uMwPp1l890LkyhEvUpg6v+fYT/M4FaglLRJcmbB6w3JHwwUux7hKbKQ==", "article"=>{"title"=>"Test Markdown format", "body"=>"Hello, how are **you** ?"}, "commit"=>"Update Article", "id"=>"4"}
  [1m[36mArticle Load (0.2ms)[0m  [1m[34mSELECT  "articles".* FROM "articles" WHERE "articles"."id" = $1 LIMIT $2[0m  [["id", 4], ["LIMIT", 1]]
  [1m[35m (0.1ms)[0m  [1m[35mBEGIN[0m
  [1m[35m (0.1ms)[0m  [1m[35mCOMMIT[0m
Redirected to http://localhost:3000/articles/4
Completed 302 Found in 3ms (ActiveRecord: 0.4ms)


Started GET "/articles/4" for 127.0.0.1 at 2017-02-08 23:27:43 +0700
Processing by ArticlesController#show as HTML
  Parameters: {"id"=>"4"}
  [1m[36mArticle Load (0.2ms)[0m  [1m[34mSELECT  "articles".* FROM "articles" WHERE "articles"."id" = $1 LIMIT $2[0m  [["id", 4], ["LIMIT", 1]]
  Rendering articles/show.html.erb within layouts/application
  Rendered articles/show.html.erb within layouts/application (0.6ms)
Completed 200 OK in 36ms (Views: 34.5ms | ActiveRecord: 0.2ms)


Started GET "/articles/4/edit" for 127.0.0.1 at 2017-02-08 23:27:46 +0700
Processing by ArticlesController#edit as HTML
  Parameters: {"id"=>"4"}
  [1m[36mArticle Load (0.2ms)[0m  [1m[34mSELECT  "articles".* FROM "articles" WHERE "articles"."id" = $1 LIMIT $2[0m  [["id", 4], ["LIMIT", 1]]
  Rendering articles/edit.html.erb within layouts/application
  Rendered articles/_form.html.erb (2.3ms)
  Rendered articles/edit.html.erb within layouts/application (4.1ms)
Completed 200 OK in 47ms (Views: 44.5ms | ActiveRecord: 0.2ms)


Started PATCH "/articles/4" for 127.0.0.1 at 2017-02-08 23:28:37 +0700
Processing by ArticlesController#update as HTML
  Parameters: {"utf8"=>"✓", "authenticity_token"=>"sg7fxY5vUVt7gS7aizOs+C2HPSON8Gz0hi3PcQjxqP++oXWk9v5VeCLZpUOAZ9CbcSc25J1Dxu/Q2LXHSmA2Iw==", "article"=>{"title"=>"Test Markdown format", "body"=>"Hello, how are **you** ?"}, "commit"=>"Update Article", "id"=>"4"}
  [1m[36mArticle Load (0.2ms)[0m  [1m[34mSELECT  "articles".* FROM "articles" WHERE "articles"."id" = $1 LIMIT $2[0m  [["id", 4], ["LIMIT", 1]]
  [1m[35m (0.1ms)[0m  [1m[35mBEGIN[0m
  [1m[35m (0.1ms)[0m  [1m[35mCOMMIT[0m
Redirected to http://localhost:3000/articles/4
Completed 302 Found in 3ms (ActiveRecord: 0.4ms)


Started GET "/articles/4" for 127.0.0.1 at 2017-02-08 23:28:37 +0700
Processing by ArticlesController#show as HTML
  Parameters: {"id"=>"4"}
  [1m[36mArticle Load (0.2ms)[0m  [1m[34mSELECT  "articles".* FROM "articles" WHERE "articles"."id" = $1 LIMIT $2[0m  [["id", 4], ["LIMIT", 1]]
  Rendering articles/show.html.erb within layouts/application
  Rendered articles/show.html.erb within layouts/application (0.6ms)
Completed 200 OK in 43ms (Views: 39.4ms | ActiveRecord: 0.2ms)


Started GET "/articles/4/edit" for 127.0.0.1 at 2017-02-08 23:28:39 +0700
Processing by ArticlesController#edit as HTML
  Parameters: {"id"=>"4"}
  [1m[36mArticle Load (0.3ms)[0m  [1m[34mSELECT  "articles".* FROM "articles" WHERE "articles"."id" = $1 LIMIT $2[0m  [["id", 4], ["LIMIT", 1]]
  Rendering articles/edit.html.erb within layouts/application
  Rendered articles/_form.html.erb (1.8ms)
  Rendered articles/edit.html.erb within layouts/application (3.5ms)
Completed 200 OK in 45ms (Views: 42.6ms | ActiveRecord: 0.3ms)


Started PATCH "/articles/4" for 127.0.0.1 at 2017-02-08 23:28:41 +0700
Processing by ArticlesController#update as HTML
  Parameters: {"utf8"=>"✓", "authenticity_token"=>"54nKyCH2C54IRZpSlo9H4mL1e1Pw6fBcHtHX4NYI+iI3uVe8TsTrvAj/CSctSyDHyZtpbnaScaPdE3WHZyexsg==", "article"=>{"title"=>"Test Markdown format", "body"=>"Hello, how are **you** ?"}, "commit"=>"Update Article", "id"=>"4"}
  [1m[36mArticle Load (0.1ms)[0m  [1m[34mSELECT  "articles".* FROM "articles" WHERE "articles"."id" = $1 LIMIT $2[0m  [["id", 4], ["LIMIT", 1]]
  [1m[35m (0.1ms)[0m  [1m[35mBEGIN[0m
  [1m[35m (0.1ms)[0m  [1m[35mCOMMIT[0m
Redirected to http://localhost:3000/articles/4
Completed 302 Found in 2ms (ActiveRecord: 0.3ms)


Started GET "/articles/4" for 127.0.0.1 at 2017-02-08 23:28:41 +0700
Processing by ArticlesController#show as HTML
  Parameters: {"id"=>"4"}
  [1m[36mArticle Load (0.2ms)[0m  [1m[34mSELECT  "articles".* FROM "articles" WHERE "articles"."id" = $1 LIMIT $2[0m  [["id", 4], ["LIMIT", 1]]
  Rendering articles/show.html.erb within layouts/application
  Rendered articles/show.html.erb within layouts/application (0.6ms)
Completed 200 OK in 36ms (Views: 34.2ms | ActiveRecord: 0.2ms)


Started GET "/articles/4/edit" for 127.0.0.1 at 2017-02-08 23:28:46 +0700
Processing by ArticlesController#edit as HTML
  Parameters: {"id"=>"4"}
  [1m[36mArticle Load (0.2ms)[0m  [1m[34mSELECT  "articles".* FROM "articles" WHERE "articles"."id" = $1 LIMIT $2[0m  [["id", 4], ["LIMIT", 1]]
  Rendering articles/edit.html.erb within layouts/application
  Rendered articles/_form.html.erb (2.1ms)
  Rendered articles/edit.html.erb within layouts/application (3.9ms)
Completed 200 OK in 41ms (Views: 39.0ms | ActiveRecord: 0.2ms)


Started PATCH "/articles/4" for 127.0.0.1 at 2017-02-08 23:29:00 +0700
Processing by ArticlesController#update as HTML
  Parameters: {"utf8"=>"✓", "authenticity_token"=>"k9zL7ZOlhhq/VRpieWEW258iyf0lWsAnFurwR5PlIJmfc2GM6zSCOeYNkftyNWq4w4LCOjXpajxAH4rx0XS+RQ==", "article"=>{"title"=>"Test Markdown format", "body"=>"Hello, how are **you** ? ![univer](http://www.avatars-mania.com/images/Paysages/foudre/Thunderbolt%20wallpaper%20-%20Fond%20d'ecran%20orage%20avec%20eclairs.jpg)"}, "commit"=>"Update Article", "id"=>"4"}
  [1m[36mArticle Load (0.2ms)[0m  [1m[34mSELECT  "articles".* FROM "articles" WHERE "articles"."id" = $1 LIMIT $2[0m  [["id", 4], ["LIMIT", 1]]
  [1m[35m (0.1ms)[0m  [1m[35mBEGIN[0m
  [1m[35mSQL (0.3ms)[0m  [1m[33mUPDATE "articles" SET "body" = $1, "updated_at" = $2 WHERE "articles"."id" = $3[0m  [["body", "Hello, how are **you** ? ![univer](http://www.avatars-mania.com/images/Paysages/foudre/Thunderbolt%20wallpaper%20-%20Fond%20d'ecran%20orage%20avec%20eclairs.jpg)"], ["updated_at", 2017-02-08 16:29:00 UTC], ["id", 4]]
  [1m[35m (6.0ms)[0m  [1m[35mCOMMIT[0m
Redirected to http://localhost:3000/articles/4
Completed 302 Found in 11ms (ActiveRecord: 6.6ms)


Started GET "/articles/4" for 127.0.0.1 at 2017-02-08 23:29:00 +0700
Processing by ArticlesController#show as HTML
  Parameters: {"id"=>"4"}
  [1m[36mArticle Load (0.2ms)[0m  [1m[34mSELECT  "articles".* FROM "articles" WHERE "articles"."id" = $1 LIMIT $2[0m  [["id", 4], ["LIMIT", 1]]
  Rendering articles/show.html.erb within layouts/application
  Rendered articles/show.html.erb within layouts/application (0.7ms)
Completed 200 OK in 38ms (Views: 35.9ms | ActiveRecord: 0.2ms)


Started GET "/articles" for 127.0.0.1 at 2017-02-08 23:29:03 +0700
Processing by ArticlesController#index as HTML
  Rendering articles/index.html.erb within layouts/application
  [1m[36mArticle Load (0.4ms)[0m  [1m[34mSELECT "articles".* FROM "articles"[0m
  Rendered articles/index.html.erb within layouts/application (2.5ms)
Completed 200 OK in 55ms (Views: 52.5ms | ActiveRecord: 0.4ms)


Started GET "/articles/4/edit" for 127.0.0.1 at 2017-02-08 23:34:59 +0700
  [1m[36mActiveRecord::SchemaMigration Load (0.6ms)[0m  [1m[34mSELECT "schema_migrations".* FROM "schema_migrations"[0m
Processing by ArticlesController#edit as HTML
  Parameters: {"id"=>"4"}
  [1m[36mArticle Load (0.6ms)[0m  [1m[34mSELECT  "articles".* FROM "articles" WHERE "articles"."id" = $1 LIMIT $2[0m  [["id", 4], ["LIMIT", 1]]
  Rendering articles/edit.html.erb within layouts/application
  Rendered articles/_form.html.erb (21.0ms)
  Rendered articles/edit.html.erb within layouts/application (24.0ms)
Completed 200 OK in 348ms (Views: 315.4ms | ActiveRecord: 6.2ms)


Started PATCH "/articles/4" for 127.0.0.1 at 2017-02-08 23:35:08 +0700
Processing by ArticlesController#update as HTML
  Parameters: {"utf8"=>"✓", "authenticity_token"=>"HCcFKwH7zP4Dni46r4V+AIi9B2SexN4KmMqwr5F0ziLMF5hfbsks3AMkvU8UQRklI9MVWRi/X/VbCBLIIFuFsg==", "article"=>{"title"=>"Test Markdown format", "body"=>"Hello, how are **you** ? ![univer](http://d28hgpri8am2if.cloudfront.net/book_images/onix/cvr9781501127625/steve-jobs-9781501127625_hr.jpg)"}, "commit"=>"Update Article", "id"=>"4"}
  [1m[36mArticle Load (0.9ms)[0m  [1m[34mSELECT  "articles".* FROM "articles" WHERE "articles"."id" = $1 LIMIT $2[0m  [["id", 4], ["LIMIT", 1]]
  [1m[35m (0.1ms)[0m  [1m[35mBEGIN[0m
  [1m[35mSQL (0.4ms)[0m  [1m[33mUPDATE "articles" SET "body" = $1, "updated_at" = $2 WHERE "articles"."id" = $3[0m  [["body", "Hello, how are **you** ? ![univer](http://d28hgpri8am2if.cloudfront.net/book_images/onix/cvr9781501127625/steve-jobs-9781501127625_hr.jpg)"], ["updated_at", 2017-02-08 16:35:08 UTC], ["id", 4]]
  [1m[35m (5.1ms)[0m  [1m[35mCOMMIT[0m
Redirected to http://localhost:3000/articles/4
Completed 302 Found in 12ms (ActiveRecord: 6.4ms)


Started GET "/articles/4" for 127.0.0.1 at 2017-02-08 23:35:08 +0700
Processing by ArticlesController#show as HTML
  Parameters: {"id"=>"4"}
  [1m[36mArticle Load (0.3ms)[0m  [1m[34mSELECT  "articles".* FROM "articles" WHERE "articles"."id" = $1 LIMIT $2[0m  [["id", 4], ["LIMIT", 1]]
  Rendering articles/show.html.erb within layouts/application
  Rendered articles/show.html.erb within layouts/application (0.7ms)
Completed 200 OK in 40ms (Views: 35.7ms | ActiveRecord: 0.6ms)


Started GET "/articles" for 127.0.0.1 at 2017-02-08 23:35:11 +0700
Processing by ArticlesController#index as HTML
  Rendering articles/index.html.erb within layouts/application
  [1m[36mArticle Load (0.6ms)[0m  [1m[34mSELECT "articles".* FROM "articles"[0m
  Rendered articles/index.html.erb within layouts/application (3.2ms)
Completed 200 OK in 69ms (Views: 65.8ms | ActiveRecord: 0.6ms)


Started GET "/articles/4/edit" for 127.0.0.1 at 2017-02-08 23:35:42 +0700
Processing by ArticlesController#edit as HTML
  Parameters: {"id"=>"4"}
  [1m[36mArticle Load (0.3ms)[0m  [1m[34mSELECT  "articles".* FROM "articles" WHERE "articles"."id" = $1 LIMIT $2[0m  [["id", 4], ["LIMIT", 1]]
  Rendering articles/edit.html.erb within layouts/application
  Rendered articles/_form.html.erb (2.7ms)
  Rendered articles/edit.html.erb within layouts/application (5.1ms)
Completed 200 OK in 55ms (Views: 51.2ms | ActiveRecord: 0.3ms)


Started PATCH "/articles/4" for 127.0.0.1 at 2017-02-08 23:35:50 +0700
Processing by ArticlesController#update as HTML
  Parameters: {"utf8"=>"✓", "authenticity_token"=>"4dC99mBN+44G5GKvAncCzaT8GSIT3v57hvFZESLscurtfxeXGNz/rV+86TYJI36u+FwS5QNtVGDQBCOnYH3sNg==", "article"=>{"title"=>"Test Markdown format", "body"=>"Hello, how are **you** ? ![univer](https://images-na.ssl-images-amazon.com/images/M/MV5BNTI4NTk3NjU1MF5BMl5BanBnXkFtZTcwMTQ5MDg4Ng@@._V1_UY317_CR10,0,214,317_AL_.jpg)"}, "commit"=>"Update Article", "id"=>"4"}
  [1m[36mArticle Load (0.3ms)[0m  [1m[34mSELECT  "articles".* FROM "articles" WHERE "articles"."id" = $1 LIMIT $2[0m  [["id", 4], ["LIMIT", 1]]
  [1m[35m (0.1ms)[0m  [1m[35mBEGIN[0m
  [1m[35mSQL (0.3ms)[0m  [1m[33mUPDATE "articles" SET "body" = $1, "updated_at" = $2 WHERE "articles"."id" = $3[0m  [["body", "Hello, how are **you** ? ![univer](https://images-na.ssl-images-amazon.com/images/M/MV5BNTI4NTk3NjU1MF5BMl5BanBnXkFtZTcwMTQ5MDg4Ng@@._V1_UY317_CR10,0,214,317_AL_.jpg)"], ["updated_at", 2017-02-08 16:35:50 UTC], ["id", 4]]
  [1m[35m (5.5ms)[0m  [1m[35mCOMMIT[0m
Redirected to http://localhost:3000/articles/4
Completed 302 Found in 10ms (ActiveRecord: 6.1ms)


Started GET "/articles/4" for 127.0.0.1 at 2017-02-08 23:35:50 +0700
Processing by ArticlesController#show as HTML
  Parameters: {"id"=>"4"}
  [1m[36mArticle Load (0.2ms)[0m  [1m[34mSELECT  "articles".* FROM "articles" WHERE "articles"."id" = $1 LIMIT $2[0m  [["id", 4], ["LIMIT", 1]]
  Rendering articles/show.html.erb within layouts/application
  Rendered articles/show.html.erb within layouts/application (0.9ms)
Completed 200 OK in 62ms (Views: 59.5ms | ActiveRecord: 0.2ms)


Started GET "/articles" for 127.0.0.1 at 2017-02-08 23:35:53 +0700
Processing by ArticlesController#index as HTML
  Rendering articles/index.html.erb within layouts/application
  [1m[36mArticle Load (0.3ms)[0m  [1m[34mSELECT "articles".* FROM "articles"[0m
  Rendered articles/index.html.erb within layouts/application (1.8ms)
Completed 200 OK in 52ms (Views: 50.5ms | ActiveRecord: 0.3ms)


Started GET "/articles/2/edit" for 127.0.0.1 at 2017-02-08 23:36:17 +0700
Processing by ArticlesController#edit as HTML
  Parameters: {"id"=>"2"}
  [1m[36mArticle Load (0.3ms)[0m  [1m[34mSELECT  "articles".* FROM "articles" WHERE "articles"."id" = $1 LIMIT $2[0m  [["id", 2], ["LIMIT", 1]]
  Rendering articles/edit.html.erb within layouts/application
  Rendered articles/_form.html.erb (3.1ms)
  Rendered articles/edit.html.erb within layouts/application (5.0ms)
Completed 200 OK in 53ms (Views: 50.0ms | ActiveRecord: 0.3ms)


Started PATCH "/articles/2" for 127.0.0.1 at 2017-02-08 23:37:17 +0700
Processing by ArticlesController#update as HTML
  Parameters: {"utf8"=>"✓", "authenticity_token"=>"zbqcr/DZA7ACQDWb7dvmNuI6V9ANQm7Wjtm6AHtA5Su5Hf7QP3MFN+W0Nr6Y2tHvEB1i2ZfLbcLO4MAt+f8x2Q==", "article"=>{"title"=>"Introduce my Application", "body"=>"This is an application for saving my memories."}, "commit"=>"Update Article", "id"=>"2"}
  [1m[36mArticle Load (0.3ms)[0m  [1m[34mSELECT  "articles".* FROM "articles" WHERE "articles"."id" = $1 LIMIT $2[0m  [["id", 2], ["LIMIT", 1]]
  [1m[35m (0.1ms)[0m  [1m[35mBEGIN[0m
  [1m[35mSQL (0.4ms)[0m  [1m[33mUPDATE "articles" SET "title" = $1, "body" = $2, "updated_at" = $3 WHERE "articles"."id" = $4[0m  [["title", "Introduce my Application"], ["body", "This is an application for saving my memories."], ["updated_at", 2017-02-08 16:37:17 UTC], ["id", 2]]
  [1m[35m (5.6ms)[0m  [1m[35mCOMMIT[0m
Redirected to http://localhost:3000/articles/2
Completed 302 Found in 10ms (ActiveRecord: 6.4ms)


Started GET "/articles/2" for 127.0.0.1 at 2017-02-08 23:37:17 +0700
Processing by ArticlesController#show as HTML
  Parameters: {"id"=>"2"}
  [1m[36mArticle Load (0.2ms)[0m  [1m[34mSELECT  "articles".* FROM "articles" WHERE "articles"."id" = $1 LIMIT $2[0m  [["id", 2], ["LIMIT", 1]]
  Rendering articles/show.html.erb within layouts/application
  Rendered articles/show.html.erb within layouts/application (0.6ms)
Completed 200 OK in 37ms (Views: 35.0ms | ActiveRecord: 0.2ms)


Started GET "/articles/2/edit" for 127.0.0.1 at 2017-02-08 23:37:25 +0700
Processing by ArticlesController#edit as HTML
  Parameters: {"id"=>"2"}
  [1m[36mArticle Load (0.2ms)[0m  [1m[34mSELECT  "articles".* FROM "articles" WHERE "articles"."id" = $1 LIMIT $2[0m  [["id", 2], ["LIMIT", 1]]
  Rendering articles/edit.html.erb within layouts/application
  Rendered articles/_form.html.erb (2.5ms)
  Rendered articles/edit.html.erb within layouts/application (4.5ms)
Completed 200 OK in 45ms (Views: 42.5ms | ActiveRecord: 0.2ms)


Started PATCH "/articles/2" for 127.0.0.1 at 2017-02-08 23:37:50 +0700
Processing by ArticlesController#update as HTML
  Parameters: {"utf8"=>"✓", "authenticity_token"=>"sdugHsxNiouHidRr+TaD+5Y9IraZmuor2EA9MhjbPjnFfMJhA+eMDGB9106MN7QiZBoXvwMT6T+YeUcfmmTqyw==", "article"=>{"title"=>"Introduce my Application", "body"=>"This is an blog for saving my memories in my whole life."}, "commit"=>"Update Article", "id"=>"2"}
  [1m[36mArticle Load (0.2ms)[0m  [1m[34mSELECT  "articles".* FROM "articles" WHERE "articles"."id" = $1 LIMIT $2[0m  [["id", 2], ["LIMIT", 1]]
  [1m[35m (0.1ms)[0m  [1m[35mBEGIN[0m
  [1m[35mSQL (0.3ms)[0m  [1m[33mUPDATE "articles" SET "body" = $1, "updated_at" = $2 WHERE "articles"."id" = $3[0m  [["body", "This is an blog for saving my memories in my whole life."], ["updated_at", 2017-02-08 16:37:50 UTC], ["id", 2]]
  [1m[35m (6.0ms)[0m  [1m[35mCOMMIT[0m
Redirected to http://localhost:3000/articles/2
Completed 302 Found in 10ms (ActiveRecord: 6.7ms)


Started GET "/articles/2" for 127.0.0.1 at 2017-02-08 23:37:50 +0700
Processing by ArticlesController#show as HTML
  Parameters: {"id"=>"2"}
  [1m[36mArticle Load (0.1ms)[0m  [1m[34mSELECT  "articles".* FROM "articles" WHERE "articles"."id" = $1 LIMIT $2[0m  [["id", 2], ["LIMIT", 1]]
  Rendering articles/show.html.erb within layouts/application
  Rendered articles/show.html.erb within layouts/application (0.6ms)
Completed 200 OK in 41ms (Views: 39.5ms | ActiveRecord: 0.1ms)


Started GET "/articles" for 127.0.0.1 at 2017-02-08 23:38:04 +0700
Processing by ArticlesController#index as HTML
  Rendering articles/index.html.erb within layouts/application
  [1m[36mArticle Load (0.3ms)[0m  [1m[34mSELECT "articles".* FROM "articles"[0m
  Rendered articles/index.html.erb within layouts/application (1.7ms)
Completed 200 OK in 45ms (Views: 42.9ms | ActiveRecord: 0.3ms)


Started GET "/articles/2/edit" for 127.0.0.1 at 2017-02-08 23:38:12 +0700
Processing by ArticlesController#edit as HTML
  Parameters: {"id"=>"2"}
  [1m[36mArticle Load (0.2ms)[0m  [1m[34mSELECT  "articles".* FROM "articles" WHERE "articles"."id" = $1 LIMIT $2[0m  [["id", 2], ["LIMIT", 1]]
  Rendering articles/edit.html.erb within layouts/application
  Rendered articles/_form.html.erb (1.5ms)
  Rendered articles/edit.html.erb within layouts/application (3.3ms)
Completed 200 OK in 50ms (Views: 47.2ms | ActiveRecord: 0.2ms)


Started PATCH "/articles/2" for 127.0.0.1 at 2017-02-08 23:38:17 +0700
Processing by ArticlesController#update as HTML
  Parameters: {"utf8"=>"✓", "authenticity_token"=>"fKURHox434281TE/Y27RWqPkA0AVHneySZuRj/jmhqcIAnNhQ9LZClshMhoWb+aDUcM2SY+XdKYJouuiellSVQ==", "article"=>{"title"=>"Introduce my Application", "body"=>"This is an blog for saving my memories in my whole life."}, "commit"=>"Update Article", "id"=>"2"}
  [1m[36mArticle Load (0.2ms)[0m  [1m[34mSELECT  "articles".* FROM "articles" WHERE "articles"."id" = $1 LIMIT $2[0m  [["id", 2], ["LIMIT", 1]]
  [1m[35m (0.1ms)[0m  [1m[35mBEGIN[0m
  [1m[35m (0.1ms)[0m  [1m[35mCOMMIT[0m
Redirected to http://localhost:3000/articles/2
Completed 302 Found in 3ms (ActiveRecord: 0.3ms)


Started GET "/articles/2" for 127.0.0.1 at 2017-02-08 23:38:17 +0700
Processing by ArticlesController#show as HTML
  Parameters: {"id"=>"2"}
  [1m[36mArticle Load (0.2ms)[0m  [1m[34mSELECT  "articles".* FROM "articles" WHERE "articles"."id" = $1 LIMIT $2[0m  [["id", 2], ["LIMIT", 1]]
  Rendering articles/show.html.erb within layouts/application
  Rendered articles/show.html.erb within layouts/application (0.6ms)
Completed 200 OK in 39ms (Views: 36.7ms | ActiveRecord: 0.2ms)


Started GET "/articles" for 127.0.0.1 at 2017-02-08 23:38:20 +0700
Processing by ArticlesController#index as HTML
  Rendering articles/index.html.erb within layouts/application
  [1m[36mArticle Load (0.4ms)[0m  [1m[34mSELECT "articles".* FROM "articles"[0m
  Rendered articles/index.html.erb within layouts/application (2.1ms)
Completed 200 OK in 42ms (Views: 39.9ms | ActiveRecord: 0.4ms)


Started GET "/articles/3/edit" for 127.0.0.1 at 2017-02-08 23:38:25 +0700
Processing by ArticlesController#edit as HTML
  Parameters: {"id"=>"3"}
  [1m[36mArticle Load (0.2ms)[0m  [1m[34mSELECT  "articles".* FROM "articles" WHERE "articles"."id" = $1 LIMIT $2[0m  [["id", 3], ["LIMIT", 1]]
  Rendering articles/edit.html.erb within layouts/application
  Rendered articles/_form.html.erb (1.8ms)
  Rendered articles/edit.html.erb within layouts/application (3.6ms)
Completed 200 OK in 46ms (Views: 43.7ms | ActiveRecord: 0.2ms)


Started PATCH "/articles/3" for 127.0.0.1 at 2017-02-08 23:45:47 +0700
Processing by ArticlesController#update as HTML
  Parameters: {"utf8"=>"✓", "authenticity_token"=>"oi0DnyJI7voZtJYHzLaoZracB3DDUJDnR+8EVhYwp6tkdqJmYU+Mib/ktx9xgMGijjFjobD0vEMFyzpDpCDOZg==", "article"=>{"title"=>"Sorry for my late submission", "body"=>"I just got the news of course few hours ago. Hence my blog couldn't be **decorated** much, take my apologies."}, "commit"=>"Update Article", "id"=>"3"}
  [1m[36mArticle Load (0.3ms)[0m  [1m[34mSELECT  "articles".* FROM "articles" WHERE "articles"."id" = $1 LIMIT $2[0m  [["id", 3], ["LIMIT", 1]]
  [1m[35m (0.1ms)[0m  [1m[35mBEGIN[0m
  [1m[35mSQL (0.4ms)[0m  [1m[33mUPDATE "articles" SET "title" = $1, "body" = $2, "updated_at" = $3 WHERE "articles"."id" = $4[0m  [["title", "Sorry for my late submission"], ["body", "I just got the news of course few hours ago. Hence my blog couldn't be **decorated** much, take my apologies."], ["updated_at", 2017-02-08 16:45:47 UTC], ["id", 3]]
  [1m[35m (5.5ms)[0m  [1m[35mCOMMIT[0m
Redirected to http://localhost:3000/articles/3
Completed 302 Found in 9ms (ActiveRecord: 6.2ms)


Started GET "/articles/3" for 127.0.0.1 at 2017-02-08 23:45:47 +0700
Processing by ArticlesController#show as HTML
  Parameters: {"id"=>"3"}
  [1m[36mArticle Load (0.2ms)[0m  [1m[34mSELECT  "articles".* FROM "articles" WHERE "articles"."id" = $1 LIMIT $2[0m  [["id", 3], ["LIMIT", 1]]
  Rendering articles/show.html.erb within layouts/application
  Rendered articles/show.html.erb within layouts/application (0.6ms)
Completed 200 OK in 51ms (Views: 48.3ms | ActiveRecord: 0.2ms)


Started GET "/articles" for 127.0.0.1 at 2017-02-08 23:45:50 +0700
Processing by ArticlesController#index as HTML
  Rendering articles/index.html.erb within layouts/application
  [1m[36mArticle Load (0.3ms)[0m  [1m[34mSELECT "articles".* FROM "articles"[0m
  Rendered articles/index.html.erb within layouts/application (1.7ms)
Completed 200 OK in 42ms (Views: 40.1ms | ActiveRecord: 0.3ms)


